[35m[1mScanning dependencies of target trajectory_msgs_generate_messages_cpp[0m
[35m[1mScanning dependencies of target sensor_msgs_generate_messages_eus[0m
[35m[1mScanning dependencies of target std_msgs_generate_messages_nodejs[0m
[35m[1mScanning dependencies of target roscpp_generate_messages_nodejs[0m
[  0%] Built target trajectory_msgs_generate_messages_cpp
[  0%] Built target sensor_msgs_generate_messages_eus
[  0%] Built target std_msgs_generate_messages_nodejs
[  0%] Built target roscpp_generate_messages_nodejs
[35m[1mScanning dependencies of target std_msgs_generate_messages_lisp[0m
[35m[1mScanning dependencies of target interbotix_sdk_generate_messages_eus[0m
[35m[1mScanning dependencies of target interbotix_sdk_generate_messages_py[0m
[35m[1mScanning dependencies of target rosgraph_msgs_generate_messages_nodejs[0m
[  0%] Built target std_msgs_generate_messages_lisp
[  0%] Built target interbotix_sdk_generate_messages_eus
[  0%] Built target interbotix_sdk_generate_messages_py
[  0%] Built target rosgraph_msgs_generate_messages_nodejs
[35m[1mScanning dependencies of target actionlib_msgs_generate_messages_lisp[0m
[  0%] Built target actionlib_msgs_generate_messages_lisp
[35m[1mScanning dependencies of target rosgraph_msgs_generate_messages_py[0m
[35m[1mScanning dependencies of target roscpp_generate_messages_eus[0m
[35m[1mScanning dependencies of target actionlib_msgs_generate_messages_eus[0m
[  0%] Built target rosgraph_msgs_generate_messages_py
[  0%] Built target actionlib_msgs_generate_messages_eus
[35m[1mScanning dependencies of target std_msgs_generate_messages_py[0m
[  0%] Built target roscpp_generate_messages_eus
[  0%] Built target std_msgs_generate_messages_py
[35m[1mScanning dependencies of target visualization_msgs_generate_messages_eus[0m
[35m[1mScanning dependencies of target interbotix_sdk_generate_messages_cpp[0m
[  0%] Built target visualization_msgs_generate_messages_eus
[35m[1mScanning dependencies of target roscpp_generate_messages_lisp[0m
[  0%] Built target interbotix_sdk_generate_messages_cpp
[  0%] Built target roscpp_generate_messages_lisp
[35m[1mScanning dependencies of target std_srvs_generate_messages_eus[0m
[35m[1mScanning dependencies of target _interbotix_joy_control_generate_messages_check_deps_ArmJoyControl[0m
[35m[1mScanning dependencies of target std_msgs_generate_messages_eus[0m
[  0%] Built target std_srvs_generate_messages_eus
[  0%] Built target std_msgs_generate_messages_eus
[35m[1mScanning dependencies of target std_msgs_generate_messages_cpp[0m
[35m[1mScanning dependencies of target diagnostic_msgs_generate_messages_py[0m
[  0%] Built target std_msgs_generate_messages_cpp
[  0%] Built target diagnostic_msgs_generate_messages_py
[35m[1mScanning dependencies of target diagnostic_msgs_generate_messages_nodejs[0m
[35m[1mScanning dependencies of target diagnostic_msgs_generate_messages_lisp[0m
[  0%] Built target diagnostic_msgs_generate_messages_nodejs
[  0%] Built target diagnostic_msgs_generate_messages_lisp
[35m[1mScanning dependencies of target diagnostic_msgs_generate_messages_eus[0m
[35m[1mScanning dependencies of target trajectory_msgs_generate_messages_py[0m
[  0%] Built target diagnostic_msgs_generate_messages_eus
[  0%] Built target trajectory_msgs_generate_messages_py
[35m[1mScanning dependencies of target trajectory_msgs_generate_messages_nodejs[0m
[  0%] Built target trajectory_msgs_generate_messages_nodejs
[  0%] Built target _interbotix_joy_control_generate_messages_check_deps_ArmJoyControl
[35m[1mScanning dependencies of target trajectory_msgs_generate_messages_lisp[0m
[  0%] Built target trajectory_msgs_generate_messages_lisp
[35m[1mScanning dependencies of target trajectory_msgs_generate_messages_eus[0m
[35m[1mScanning dependencies of target roscpp_generate_messages_py[0m
[  0%] Built target trajectory_msgs_generate_messages_eus
[  0%] Built target roscpp_generate_messages_py
[35m[1mScanning dependencies of target rosgraph_msgs_generate_messages_cpp[0m
[35m[1mScanning dependencies of target geometry_msgs_generate_messages_eus[0m
[  0%] Built target rosgraph_msgs_generate_messages_cpp
[  0%] Built target geometry_msgs_generate_messages_eus
[35m[1mScanning dependencies of target roscpp_generate_messages_cpp[0m
[  0%] Built target roscpp_generate_messages_cpp
[35m[1mScanning dependencies of target actionlib_generate_messages_cpp[0m
[35m[1mScanning dependencies of target sensor_msgs_generate_messages_nodejs[0m
[35m[1mScanning dependencies of target geometry_msgs_generate_messages_nodejs[0m
[  0%] Built target sensor_msgs_generate_messages_nodejs
[  0%] Built target actionlib_generate_messages_cpp
[  0%] Built target geometry_msgs_generate_messages_nodejs
[35m[1mScanning dependencies of target diagnostic_msgs_generate_messages_cpp[0m
[  0%] Built target diagnostic_msgs_generate_messages_cpp
[35m[1mScanning dependencies of target actionlib_generate_messages_eus[0m
[35m[1mScanning dependencies of target visualization_msgs_generate_messages_lisp[0m
[  0%] Built target actionlib_generate_messages_eus
[  0%] Built target visualization_msgs_generate_messages_lisp
[35m[1mScanning dependencies of target visualization_msgs_generate_messages_nodejs[0m
[  0%] Built target visualization_msgs_generate_messages_nodejs
[35m[1mScanning dependencies of target map_msgs_generate_messages_lisp[0m
[  0%] Built target map_msgs_generate_messages_lisp
[35m[1mScanning dependencies of target nav_msgs_generate_messages_nodejs[0m
[35m[1mScanning dependencies of target interbotix_sdk_generate_messages_lisp[0m
[  0%] Built target nav_msgs_generate_messages_nodejs
[35m[1mScanning dependencies of target actionlib_msgs_generate_messages_py[0m
[  0%] Built target interbotix_sdk_generate_messages_lisp
[  0%] Built target actionlib_msgs_generate_messages_py
[35m[1mScanning dependencies of target rosgraph_msgs_generate_messages_lisp[0m
[  0%] Built target rosgraph_msgs_generate_messages_lisp
[35m[1mScanning dependencies of target map_msgs_generate_messages_py[0m
[35m[1mScanning dependencies of target std_srvs_generate_messages_nodejs[0m
[35m[1mScanning dependencies of target rosgraph_msgs_generate_messages_eus[0m
[  0%] Built target map_msgs_generate_messages_py
[  0%] Built target std_srvs_generate_messages_nodejs
[  0%] Built target rosgraph_msgs_generate_messages_eus
[35m[1mScanning dependencies of target std_srvs_generate_messages_cpp[0m
[35m[1mScanning dependencies of target sensor_msgs_generate_messages_cpp[0m
[  0%] Built target std_srvs_generate_messages_cpp
[  0%] Built target sensor_msgs_generate_messages_cpp
[35m[1mScanning dependencies of target sensor_msgs_generate_messages_py[0m
[35m[1mScanning dependencies of target tf_generate_messages_py[0m
[  0%] Built target sensor_msgs_generate_messages_py
[  0%] Built target tf_generate_messages_py
[35m[1mScanning dependencies of target interbotix_sdk_generate_messages_nodejs[0m
[  0%] Built target interbotix_sdk_generate_messages_nodejs
[35m[1mScanning dependencies of target actionlib_generate_messages_lisp[0m
[  0%] Built target actionlib_generate_messages_lisp
[35m[1mScanning dependencies of target geometry_msgs_generate_messages_cpp[0m
[  0%] Built target geometry_msgs_generate_messages_cpp
[35m[1mScanning dependencies of target geometry_msgs_generate_messages_lisp[0m
[35m[1mScanning dependencies of target geometry_msgs_generate_messages_py[0m
[  0%] Built target geometry_msgs_generate_messages_lisp
[  0%] Built target geometry_msgs_generate_messages_py
[35m[1mScanning dependencies of target tf2_msgs_generate_messages_cpp[0m
[35m[1mScanning dependencies of target map_msgs_generate_messages_cpp[0m
[35m[1mScanning dependencies of target actionlib_generate_messages_py[0m
[  0%] Built target map_msgs_generate_messages_cpp
[  0%] Built target actionlib_generate_messages_py
[  0%] Built target tf2_msgs_generate_messages_cpp
[35m[1mScanning dependencies of target tf2_msgs_generate_messages_py[0m
[35m[1mScanning dependencies of target tf2_msgs_generate_messages_nodejs[0m
[  0%] Built target tf2_msgs_generate_messages_py
[  0%] Built target tf2_msgs_generate_messages_nodejs
[35m[1mScanning dependencies of target actionlib_generate_messages_nodejs[0m
[  0%] Built target actionlib_generate_messages_nodejs
[35m[1mScanning dependencies of target interbotix_joy_control_generate_messages_py[0m
[ 11%] [34m[1mGenerating Python from MSG interbotix_joy_control/ArmJoyControl[0m
[35m[1mScanning dependencies of target tf_generate_messages_cpp[0m
[ 11%] Built target tf_generate_messages_cpp
[35m[1mScanning dependencies of target actionlib_msgs_generate_messages_cpp[0m
[35m[1mScanning dependencies of target tf_generate_messages_eus[0m
[ 11%] Built target actionlib_msgs_generate_messages_cpp
[ 11%] Built target tf_generate_messages_eus
[35m[1mScanning dependencies of target actionlib_msgs_generate_messages_nodejs[0m
[ 11%] Built target actionlib_msgs_generate_messages_nodejs
[35m[1mScanning dependencies of target map_msgs_generate_messages_nodejs[0m
[ 11%] Built target map_msgs_generate_messages_nodejs
[35m[1mScanning dependencies of target interbotix_joy_control_generate_messages_nodejs[0m
[ 22%] [34m[1mGenerating Javascript code from interbotix_joy_control/ArmJoyControl.msg[0m
[35m[1mScanning dependencies of target tf_generate_messages_lisp[0m
[ 22%] Built target tf_generate_messages_lisp
[ 22%] Built target interbotix_joy_control_generate_messages_nodejs
[35m[1mScanning dependencies of target tf_generate_messages_nodejs[0m
[ 22%] Built target tf_generate_messages_nodejs
[35m[1mScanning dependencies of target visualization_msgs_generate_messages_py[0m
[ 22%] Built target visualization_msgs_generate_messages_py
[35m[1mScanning dependencies of target map_msgs_generate_messages_eus[0m
[ 22%] Built target map_msgs_generate_messages_eus
[ 33%] [34m[1mGenerating Python msg __init__.py for interbotix_joy_control[0m
[ 33%] Built target interbotix_joy_control_generate_messages_py
[35m[1mScanning dependencies of target sensor_msgs_generate_messages_lisp[0m
[35m[1mScanning dependencies of target nav_msgs_generate_messages_cpp[0m
[ 33%] Built target sensor_msgs_generate_messages_lisp
[ 33%] Built target nav_msgs_generate_messages_cpp
[35m[1mScanning dependencies of target tf2_msgs_generate_messages_eus[0m
[35m[1mScanning dependencies of target visualization_msgs_generate_messages_cpp[0m
[ 33%] Built target visualization_msgs_generate_messages_cpp
[ 33%] Built target tf2_msgs_generate_messages_eus
[35m[1mScanning dependencies of target nav_msgs_generate_messages_eus[0m
[35m[1mScanning dependencies of target nav_msgs_generate_messages_lisp[0m
[ 33%] Built target nav_msgs_generate_messages_eus
[ 33%] Built target nav_msgs_generate_messages_lisp
[35m[1mScanning dependencies of target nav_msgs_generate_messages_py[0m
[35m[1mScanning dependencies of target tf2_msgs_generate_messages_lisp[0m
[ 33%] Built target nav_msgs_generate_messages_py
[ 33%] Built target tf2_msgs_generate_messages_lisp
[35m[1mScanning dependencies of target _catkin_empty_exported_target[0m
[35m[1mScanning dependencies of target std_srvs_generate_messages_lisp[0m
[ 33%] Built target _catkin_empty_exported_target
[ 33%] Built target std_srvs_generate_messages_lisp
[35m[1mScanning dependencies of target std_srvs_generate_messages_py[0m
[ 33%] Built target std_srvs_generate_messages_py
[35m[1mScanning dependencies of target interbotix_joy_control_xacro_generated_to_devel_space_[0m
[ 33%] Built target interbotix_joy_control_xacro_generated_to_devel_space_
[35m[1mScanning dependencies of target interbotix_joy_control_generate_messages_lisp[0m
[35m[1mScanning dependencies of target interbotix_joy_control_generate_messages_eus[0m
[ 44%] [34m[1mGenerating Lisp code from interbotix_joy_control/ArmJoyControl.msg[0m
[ 55%] [34m[1mGenerating EusLisp code from interbotix_joy_control/ArmJoyControl.msg[0m
[ 66%] [34m[1mGenerating EusLisp manifest code for interbotix_joy_control[0m
[ 66%] Built target interbotix_joy_control_generate_messages_lisp
[35m[1mScanning dependencies of target interbotix_joy_control_generate_messages_cpp[0m
[ 77%] [34m[1mGenerating C++ code from interbotix_joy_control/ArmJoyControl.msg[0m
[ 77%] Built target interbotix_joy_control_generate_messages_cpp
[ 77%] Built target interbotix_joy_control_generate_messages_eus
[35m[1mScanning dependencies of target joy_control_node[0m
[35m[1mScanning dependencies of target interbotix_joy_control_generate_messages[0m
[ 77%] Built target interbotix_joy_control_generate_messages
[ 88%] [32mBuilding CXX object CMakeFiles/joy_control_node.dir/src/joy_control_node.cpp.o[0m
[100%] [32m[1mLinking CXX executable /home/mohit/Dum-E/catkin_ws/devel/.private/interbotix_joy_control/lib/interbotix_joy_control/joy_control_node[0m
[100%] Built target joy_control_node
