Determining if the pthread_create exist failed with the following output:
Change Dir: /home/mohit/Dum-E/catkin_ws/build/interbotix_descriptions/CMakeFiles/CMakeTmp

Run Build Command:"/usr/bin/make" "cmTC_4a06a/fast"
/usr/bin/make -f CMakeFiles/cmTC_4a06a.dir/build.make CMakeFiles/cmTC_4a06a.dir/build
make[1]: Entering directory '/home/mohit/Dum-E/catkin_ws/build/interbotix_descriptions/CMakeFiles/CMakeTmp'
Building C object CMakeFiles/cmTC_4a06a.dir/CheckSymbolExists.c.o
/usr/bin/cc    -o CMakeFiles/cmTC_4a06a.dir/CheckSymbolExists.c.o   -c /home/mohit/Dum-E/catkin_ws/build/interbotix_descriptions/CMakeFiles/CMakeTmp/CheckSymbolExists.c
Linking C executable cmTC_4a06a
/usr/bin/cmake -E cmake_link_script CMakeFiles/cmTC_4a06a.dir/link.txt --verbose=1
/usr/bin/cc      -rdynamic CMakeFiles/cmTC_4a06a.dir/CheckSymbolExists.c.o  -o cmTC_4a06a 
CMakeFiles/cmTC_4a06a.dir/CheckSymbolExists.c.o: In function `main':
CheckSymbolExists.c:(.text+0x1b): undefined reference to `pthread_create'
collect2: error: ld returned 1 exit status
CMakeFiles/cmTC_4a06a.dir/build.make:97: recipe for target 'cmTC_4a06a' failed
make[1]: *** [cmTC_4a06a] Error 1
make[1]: Leaving directory '/home/mohit/Dum-E/catkin_ws/build/interbotix_descriptions/CMakeFiles/CMakeTmp'
Makefile:126: recipe for target 'cmTC_4a06a/fast' failed
make: *** [cmTC_4a06a/fast] Error 2

File /home/mohit/Dum-E/catkin_ws/build/interbotix_descriptions/CMakeFiles/CMakeTmp/CheckSymbolExists.c:
/* */
#include <pthread.h>

int main(int argc, char** argv)
{
  (void)argv;
#ifndef pthread_create
  return ((int*)(&pthread_create))[argc];
#else
  (void)argc;
  return 0;
#endif
}

Determining if the function pthread_create exists in the pthreads failed with the following output:
Change Dir: /home/mohit/Dum-E/catkin_ws/build/interbotix_descriptions/CMakeFiles/CMakeTmp

Run Build Command:"/usr/bin/make" "cmTC_3e9bf/fast"
/usr/bin/make -f CMakeFiles/cmTC_3e9bf.dir/build.make CMakeFiles/cmTC_3e9bf.dir/build
make[1]: Entering directory '/home/mohit/Dum-E/catkin_ws/build/interbotix_descriptions/CMakeFiles/CMakeTmp'
Building C object CMakeFiles/cmTC_3e9bf.dir/CheckFunctionExists.c.o
/usr/bin/cc   -DCHECK_FUNCTION_EXISTS=pthread_create   -o CMakeFiles/cmTC_3e9bf.dir/CheckFunctionExists.c.o   -c /usr/share/cmake-3.10/Modules/CheckFunctionExists.c
Linking C executable cmTC_3e9bf
/usr/bin/cmake -E cmake_link_script CMakeFiles/cmTC_3e9bf.dir/link.txt --verbose=1
/usr/bin/cc  -DCHECK_FUNCTION_EXISTS=pthread_create    -rdynamic CMakeFiles/cmTC_3e9bf.dir/CheckFunctionExists.c.o  -o cmTC_3e9bf -lpthreads 
/usr/bin/ld: cannot find -lpthreads
collect2: error: ld returned 1 exit status
CMakeFiles/cmTC_3e9bf.dir/build.make:97: recipe for target 'cmTC_3e9bf' failed
make[1]: *** [cmTC_3e9bf] Error 1
make[1]: Leaving directory '/home/mohit/Dum-E/catkin_ws/build/interbotix_descriptions/CMakeFiles/CMakeTmp'
Makefile:126: recipe for target 'cmTC_3e9bf/fast' failed
make: *** [cmTC_3e9bf/fast] Error 2


