Determining if the pthread_create exist failed with the following output:
Change Dir: /home/mohit/Dum-E/catkin_ws/build/robot_arm/CMakeFiles/CMakeTmp

Run Build Command:"/usr/bin/make" "cmTC_52d39/fast"
/usr/bin/make -f CMakeFiles/cmTC_52d39.dir/build.make CMakeFiles/cmTC_52d39.dir/build
make[1]: Entering directory '/home/mohit/Dum-E/catkin_ws/build/robot_arm/CMakeFiles/CMakeTmp'
Building C object CMakeFiles/cmTC_52d39.dir/CheckSymbolExists.c.o
/usr/bin/cc    -o CMakeFiles/cmTC_52d39.dir/CheckSymbolExists.c.o   -c /home/mohit/Dum-E/catkin_ws/build/robot_arm/CMakeFiles/CMakeTmp/CheckSymbolExists.c
Linking C executable cmTC_52d39
/usr/bin/cmake -E cmake_link_script CMakeFiles/cmTC_52d39.dir/link.txt --verbose=1
/usr/bin/cc      -rdynamic CMakeFiles/cmTC_52d39.dir/CheckSymbolExists.c.o  -o cmTC_52d39 
CMakeFiles/cmTC_52d39.dir/CheckSymbolExists.c.o: In function `main':
CheckSymbolExists.c:(.text+0x1b): undefined reference to `pthread_create'
collect2: error: ld returned 1 exit status
CMakeFiles/cmTC_52d39.dir/build.make:97: recipe for target 'cmTC_52d39' failed
make[1]: *** [cmTC_52d39] Error 1
make[1]: Leaving directory '/home/mohit/Dum-E/catkin_ws/build/robot_arm/CMakeFiles/CMakeTmp'
Makefile:126: recipe for target 'cmTC_52d39/fast' failed
make: *** [cmTC_52d39/fast] Error 2

File /home/mohit/Dum-E/catkin_ws/build/robot_arm/CMakeFiles/CMakeTmp/CheckSymbolExists.c:
/* */
#include <pthread.h>

int main(int argc, char** argv)
{
  (void)argv;
#ifndef pthread_create
  return ((int*)(&pthread_create))[argc];
#else
  (void)argc;
  return 0;
#endif
}

Determining if the function pthread_create exists in the pthreads failed with the following output:
Change Dir: /home/mohit/Dum-E/catkin_ws/build/robot_arm/CMakeFiles/CMakeTmp

Run Build Command:"/usr/bin/make" "cmTC_4e71e/fast"
/usr/bin/make -f CMakeFiles/cmTC_4e71e.dir/build.make CMakeFiles/cmTC_4e71e.dir/build
make[1]: Entering directory '/home/mohit/Dum-E/catkin_ws/build/robot_arm/CMakeFiles/CMakeTmp'
Building C object CMakeFiles/cmTC_4e71e.dir/CheckFunctionExists.c.o
/usr/bin/cc   -DCHECK_FUNCTION_EXISTS=pthread_create   -o CMakeFiles/cmTC_4e71e.dir/CheckFunctionExists.c.o   -c /usr/share/cmake-3.10/Modules/CheckFunctionExists.c
Linking C executable cmTC_4e71e
/usr/bin/cmake -E cmake_link_script CMakeFiles/cmTC_4e71e.dir/link.txt --verbose=1
/usr/bin/cc  -DCHECK_FUNCTION_EXISTS=pthread_create    -rdynamic CMakeFiles/cmTC_4e71e.dir/CheckFunctionExists.c.o  -o cmTC_4e71e -lpthreads 
/usr/bin/ld: cannot find -lpthreads
collect2: error: ld returned 1 exit status
CMakeFiles/cmTC_4e71e.dir/build.make:97: recipe for target 'cmTC_4e71e' failed
make[1]: *** [cmTC_4e71e] Error 1
make[1]: Leaving directory '/home/mohit/Dum-E/catkin_ws/build/robot_arm/CMakeFiles/CMakeTmp'
Makefile:126: recipe for target 'cmTC_4e71e/fast' failed
make: *** [cmTC_4e71e/fast] Error 2


