Determining if the pthread_create exist failed with the following output:
Change Dir: /home/mohit/Dum-E/catkin_ws/build/interbotix_diagnostic_tool/CMakeFiles/CMakeTmp

Run Build Command:"/usr/bin/make" "cmTC_3832e/fast"
/usr/bin/make -f CMakeFiles/cmTC_3832e.dir/build.make CMakeFiles/cmTC_3832e.dir/build
make[1]: Entering directory '/home/mohit/Dum-E/catkin_ws/build/interbotix_diagnostic_tool/CMakeFiles/CMakeTmp'
Building C object CMakeFiles/cmTC_3832e.dir/CheckSymbolExists.c.o
/usr/bin/cc    -o CMakeFiles/cmTC_3832e.dir/CheckSymbolExists.c.o   -c /home/mohit/Dum-E/catkin_ws/build/interbotix_diagnostic_tool/CMakeFiles/CMakeTmp/CheckSymbolExists.c
Linking C executable cmTC_3832e
/usr/bin/cmake -E cmake_link_script CMakeFiles/cmTC_3832e.dir/link.txt --verbose=1
/usr/bin/cc      -rdynamic CMakeFiles/cmTC_3832e.dir/CheckSymbolExists.c.o  -o cmTC_3832e 
CMakeFiles/cmTC_3832e.dir/CheckSymbolExists.c.o: In function `main':
CheckSymbolExists.c:(.text+0x1b): undefined reference to `pthread_create'
collect2: error: ld returned 1 exit status
CMakeFiles/cmTC_3832e.dir/build.make:97: recipe for target 'cmTC_3832e' failed
make[1]: *** [cmTC_3832e] Error 1
make[1]: Leaving directory '/home/mohit/Dum-E/catkin_ws/build/interbotix_diagnostic_tool/CMakeFiles/CMakeTmp'
Makefile:126: recipe for target 'cmTC_3832e/fast' failed
make: *** [cmTC_3832e/fast] Error 2

File /home/mohit/Dum-E/catkin_ws/build/interbotix_diagnostic_tool/CMakeFiles/CMakeTmp/CheckSymbolExists.c:
/* */
#include <pthread.h>

int main(int argc, char** argv)
{
  (void)argv;
#ifndef pthread_create
  return ((int*)(&pthread_create))[argc];
#else
  (void)argc;
  return 0;
#endif
}

Determining if the function pthread_create exists in the pthreads failed with the following output:
Change Dir: /home/mohit/Dum-E/catkin_ws/build/interbotix_diagnostic_tool/CMakeFiles/CMakeTmp

Run Build Command:"/usr/bin/make" "cmTC_f44ca/fast"
/usr/bin/make -f CMakeFiles/cmTC_f44ca.dir/build.make CMakeFiles/cmTC_f44ca.dir/build
make[1]: Entering directory '/home/mohit/Dum-E/catkin_ws/build/interbotix_diagnostic_tool/CMakeFiles/CMakeTmp'
Building C object CMakeFiles/cmTC_f44ca.dir/CheckFunctionExists.c.o
/usr/bin/cc   -DCHECK_FUNCTION_EXISTS=pthread_create   -o CMakeFiles/cmTC_f44ca.dir/CheckFunctionExists.c.o   -c /usr/share/cmake-3.10/Modules/CheckFunctionExists.c
Linking C executable cmTC_f44ca
/usr/bin/cmake -E cmake_link_script CMakeFiles/cmTC_f44ca.dir/link.txt --verbose=1
/usr/bin/cc  -DCHECK_FUNCTION_EXISTS=pthread_create    -rdynamic CMakeFiles/cmTC_f44ca.dir/CheckFunctionExists.c.o  -o cmTC_f44ca -lpthreads 
/usr/bin/ld: cannot find -lpthreads
collect2: error: ld returned 1 exit status
CMakeFiles/cmTC_f44ca.dir/build.make:97: recipe for target 'cmTC_f44ca' failed
make[1]: *** [cmTC_f44ca] Error 1
make[1]: Leaving directory '/home/mohit/Dum-E/catkin_ws/build/interbotix_diagnostic_tool/CMakeFiles/CMakeTmp'
Makefile:126: recipe for target 'cmTC_f44ca/fast' failed
make: *** [cmTC_f44ca/fast] Error 2


