[  0%] Built target nav_msgs_generate_messages_py
[  0%] Built target std_msgs_generate_messages_py
[  0%] Built target std_msgs_generate_messages_lisp
[  0%] Built target _interbotix_sdk_generate_messages_check_deps_FirmwareGains
[  0%] Built target _interbotix_sdk_generate_messages_check_deps_OperatingModes
[  0%] Built target _interbotix_sdk_generate_messages_check_deps_JointCommands
[  0%] Built target _interbotix_sdk_generate_messages_check_deps_RobotInfo
[  0%] Built target _interbotix_sdk_generate_messages_check_deps_SingleCommand
[  0%] Built target std_msgs_generate_messages_eus
[  0%] Built target std_srvs_generate_messages_nodejs
[  0%] Built target std_srvs_generate_messages_py
[  0%] Built target control_msgs_generate_messages_cpp
[  0%] Built target _interbotix_sdk_generate_messages_check_deps_RegisterValues
[  0%] Built target roscpp_generate_messages_py
[  0%] Built target trajectory_msgs_generate_messages_eus
[  0%] Built target visualization_msgs_generate_messages_eus
[  0%] Built target geometry_msgs_generate_messages_eus
[  0%] Built target rosgraph_msgs_generate_messages_cpp
[  0%] Built target std_srvs_generate_messages_lisp
[  0%] Built target _catkin_empty_exported_target
[  0%] Built target sensor_msgs_generate_messages_eus
[  0%] Built target std_msgs_generate_messages_cpp
[  0%] Built target std_msgs_generate_messages_nodejs
[  0%] Built target rosgraph_msgs_generate_messages_lisp
[  0%] Built target roscpp_generate_messages_nodejs
[  0%] Built target control_msgs_generate_messages_nodejs
[  0%] Built target actionlib_generate_messages_cpp
[  0%] Built target sensor_msgs_generate_messages_nodejs
[  0%] Built target roscpp_generate_messages_cpp
[  0%] Built target control_msgs_generate_messages_eus
[  0%] Built target std_srvs_generate_messages_eus
[  0%] Built target roscpp_generate_messages_lisp
[  0%] Built target geometry_msgs_generate_messages_nodejs
[  0%] Built target map_msgs_generate_messages_lisp
[  0%] Built target visualization_msgs_generate_messages_nodejs
[  0%] Built target nav_msgs_generate_messages_nodejs
[  0%] Built target actionlib_generate_messages_eus
[  0%] Built target control_msgs_generate_messages_py
[  0%] Built target rosgraph_msgs_generate_messages_nodejs
[  0%] Built target map_msgs_generate_messages_py
[  0%] Built target visualization_msgs_generate_messages_lisp
[  0%] Built target trajectory_msgs_generate_messages_py
[  0%] Built target control_msgs_generate_messages_lisp
[  0%] Built target tf_generate_messages_cpp
[  0%] Built target actionlib_generate_messages_nodejs
[  0%] Built target std_srvs_generate_messages_cpp
[  0%] Built target rosgraph_msgs_generate_messages_eus
[  0%] Built target roscpp_generate_messages_eus
[  0%] Built target actionlib_msgs_generate_messages_eus
[  0%] Built target rosgraph_msgs_generate_messages_py
[  0%] Built target actionlib_msgs_generate_messages_lisp
[  0%] Built target actionlib_msgs_generate_messages_py
[ 16%] Built target interbotix_sdk_generate_messages_nodejs
[ 16%] Built target actionlib_generate_messages_lisp
[ 16%] Built target geometry_msgs_generate_messages_cpp
[ 16%] Built target geometry_msgs_generate_messages_lisp
[ 16%] Built target geometry_msgs_generate_messages_py
[ 16%] Built target trajectory_msgs_generate_messages_cpp
[ 16%] Built target trajectory_msgs_generate_messages_lisp
[ 16%] Built target trajectory_msgs_generate_messages_nodejs
[ 16%] Built target sensor_msgs_generate_messages_py
[ 16%] Built target sensor_msgs_generate_messages_cpp
[ 16%] Built target tf_generate_messages_py
[ 16%] Built target tf2_msgs_generate_messages_cpp
[ 16%] Built target actionlib_generate_messages_py
[ 16%] Built target map_msgs_generate_messages_cpp
[ 16%] Built target tf2_msgs_generate_messages_nodejs
[ 16%] Built target tf2_msgs_generate_messages_py
[ 16%] Built target actionlib_msgs_generate_messages_cpp
[ 16%] Built target tf_generate_messages_eus
[ 16%] Built target actionlib_msgs_generate_messages_nodejs
[ 16%] Built target map_msgs_generate_messages_nodejs
[ 16%] Built target tf_generate_messages_lisp
[ 16%] Built target tf_generate_messages_nodejs
[ 16%] Built target visualization_msgs_generate_messages_py
[ 16%] Built target map_msgs_generate_messages_eus
[ 16%] Built target sensor_msgs_generate_messages_lisp
[ 16%] Built target nav_msgs_generate_messages_cpp
[ 16%] Built target visualization_msgs_generate_messages_cpp
[ 16%] Built target tf2_msgs_generate_messages_eus
[ 16%] Built target nav_msgs_generate_messages_eus
[ 16%] Built target nav_msgs_generate_messages_lisp
[ 16%] Built target tf2_msgs_generate_messages_lisp
[ 16%] Built target interbotix_sdk_xacro_generated_to_devel_space_
[ 37%] Built target interbotix_sdk_generate_messages_py
[ 54%] Built target interbotix_sdk_generate_messages_lisp
[ 72%] Built target interbotix_sdk_generate_messages_eus
[ 89%] Built target interbotix_sdk_generate_messages_cpp
[ 89%] Built target interbotix_sdk_generate_messages
[100%] Built target arm_node
