Linked: (/home/mohit/Dum-E/catkin_ws/devel/.private/interbotix_sdk/share/gennodejs/ros/interbotix_sdk/_index.js, /home/mohit/Dum-E/catkin_ws/devel/share/gennodejs/ros/interbotix_sdk/_index.js)
Linked: (/home/mohit/Dum-E/catkin_ws/devel/.private/interbotix_sdk/share/gennodejs/ros/interbotix_sdk/srv/FirmwareGains.js, /home/mohit/Dum-E/catkin_ws/devel/share/gennodejs/ros/interbotix_sdk/srv/FirmwareGains.js)
Linked: (/home/mohit/Dum-E/catkin_ws/devel/.private/interbotix_sdk/share/gennodejs/ros/interbotix_sdk/srv/_index.js, /home/mohit/Dum-E/catkin_ws/devel/share/gennodejs/ros/interbotix_sdk/srv/_index.js)
Linked: (/home/mohit/Dum-E/catkin_ws/devel/.private/interbotix_sdk/share/gennodejs/ros/interbotix_sdk/srv/RobotInfo.js, /home/mohit/Dum-E/catkin_ws/devel/share/gennodejs/ros/interbotix_sdk/srv/RobotInfo.js)
Linked: (/home/mohit/Dum-E/catkin_ws/devel/.private/interbotix_sdk/share/gennodejs/ros/interbotix_sdk/srv/OperatingModes.js, /home/mohit/Dum-E/catkin_ws/devel/share/gennodejs/ros/interbotix_sdk/srv/OperatingModes.js)
Linked: (/home/mohit/Dum-E/catkin_ws/devel/.private/interbotix_sdk/share/gennodejs/ros/interbotix_sdk/srv/RegisterValues.js, /home/mohit/Dum-E/catkin_ws/devel/share/gennodejs/ros/interbotix_sdk/srv/RegisterValues.js)
Linked: (/home/mohit/Dum-E/catkin_ws/devel/.private/interbotix_sdk/share/gennodejs/ros/interbotix_sdk/msg/_index.js, /home/mohit/Dum-E/catkin_ws/devel/share/gennodejs/ros/interbotix_sdk/msg/_index.js)
Linked: (/home/mohit/Dum-E/catkin_ws/devel/.private/interbotix_sdk/share/gennodejs/ros/interbotix_sdk/msg/JointCommands.js, /home/mohit/Dum-E/catkin_ws/devel/share/gennodejs/ros/interbotix_sdk/msg/JointCommands.js)
Linked: (/home/mohit/Dum-E/catkin_ws/devel/.private/interbotix_sdk/share/gennodejs/ros/interbotix_sdk/msg/SingleCommand.js, /home/mohit/Dum-E/catkin_ws/devel/share/gennodejs/ros/interbotix_sdk/msg/SingleCommand.js)
Linked: (/home/mohit/Dum-E/catkin_ws/devel/.private/interbotix_sdk/share/roseus/ros/interbotix_sdk/manifest.l, /home/mohit/Dum-E/catkin_ws/devel/share/roseus/ros/interbotix_sdk/manifest.l)
Linked: (/home/mohit/Dum-E/catkin_ws/devel/.private/interbotix_sdk/share/roseus/ros/interbotix_sdk/srv/OperatingModes.l, /home/mohit/Dum-E/catkin_ws/devel/share/roseus/ros/interbotix_sdk/srv/OperatingModes.l)
Linked: (/home/mohit/Dum-E/catkin_ws/devel/.private/interbotix_sdk/share/roseus/ros/interbotix_sdk/srv/RobotInfo.l, /home/mohit/Dum-E/catkin_ws/devel/share/roseus/ros/interbotix_sdk/srv/RobotInfo.l)
Linked: (/home/mohit/Dum-E/catkin_ws/devel/.private/interbotix_sdk/share/roseus/ros/interbotix_sdk/srv/RegisterValues.l, /home/mohit/Dum-E/catkin_ws/devel/share/roseus/ros/interbotix_sdk/srv/RegisterValues.l)
Linked: (/home/mohit/Dum-E/catkin_ws/devel/.private/interbotix_sdk/share/roseus/ros/interbotix_sdk/srv/FirmwareGains.l, /home/mohit/Dum-E/catkin_ws/devel/share/roseus/ros/interbotix_sdk/srv/FirmwareGains.l)
Linked: (/home/mohit/Dum-E/catkin_ws/devel/.private/interbotix_sdk/share/roseus/ros/interbotix_sdk/msg/SingleCommand.l, /home/mohit/Dum-E/catkin_ws/devel/share/roseus/ros/interbotix_sdk/msg/SingleCommand.l)
Linked: (/home/mohit/Dum-E/catkin_ws/devel/.private/interbotix_sdk/share/roseus/ros/interbotix_sdk/msg/JointCommands.l, /home/mohit/Dum-E/catkin_ws/devel/share/roseus/ros/interbotix_sdk/msg/JointCommands.l)
Linked: (/home/mohit/Dum-E/catkin_ws/devel/.private/interbotix_sdk/share/interbotix_sdk/cmake/interbotix_sdk-msg-extras.cmake, /home/mohit/Dum-E/catkin_ws/devel/share/interbotix_sdk/cmake/interbotix_sdk-msg-extras.cmake)
Linked: (/home/mohit/Dum-E/catkin_ws/devel/.private/interbotix_sdk/share/interbotix_sdk/cmake/interbotix_sdkConfig.cmake, /home/mohit/Dum-E/catkin_ws/devel/share/interbotix_sdk/cmake/interbotix_sdkConfig.cmake)
Linked: (/home/mohit/Dum-E/catkin_ws/devel/.private/interbotix_sdk/share/interbotix_sdk/cmake/interbotix_sdk-msg-paths.cmake, /home/mohit/Dum-E/catkin_ws/devel/share/interbotix_sdk/cmake/interbotix_sdk-msg-paths.cmake)
Linked: (/home/mohit/Dum-E/catkin_ws/devel/.private/interbotix_sdk/share/interbotix_sdk/cmake/interbotix_sdkConfig-version.cmake, /home/mohit/Dum-E/catkin_ws/devel/share/interbotix_sdk/cmake/interbotix_sdkConfig-version.cmake)
Linked: (/home/mohit/Dum-E/catkin_ws/devel/.private/interbotix_sdk/share/common-lisp/ros/interbotix_sdk/srv/RobotInfo.lisp, /home/mohit/Dum-E/catkin_ws/devel/share/common-lisp/ros/interbotix_sdk/srv/RobotInfo.lisp)
Linked: (/home/mohit/Dum-E/catkin_ws/devel/.private/interbotix_sdk/share/common-lisp/ros/interbotix_sdk/srv/_package_RegisterValues.lisp, /home/mohit/Dum-E/catkin_ws/devel/share/common-lisp/ros/interbotix_sdk/srv/_package_RegisterValues.lisp)
Linked: (/home/mohit/Dum-E/catkin_ws/devel/.private/interbotix_sdk/share/common-lisp/ros/interbotix_sdk/srv/FirmwareGains.lisp, /home/mohit/Dum-E/catkin_ws/devel/share/common-lisp/ros/interbotix_sdk/srv/FirmwareGains.lisp)
Linked: (/home/mohit/Dum-E/catkin_ws/devel/.private/interbotix_sdk/share/common-lisp/ros/interbotix_sdk/srv/_package_OperatingModes.lisp, /home/mohit/Dum-E/catkin_ws/devel/share/common-lisp/ros/interbotix_sdk/srv/_package_OperatingModes.lisp)
Linked: (/home/mohit/Dum-E/catkin_ws/devel/.private/interbotix_sdk/share/common-lisp/ros/interbotix_sdk/srv/_package.lisp, /home/mohit/Dum-E/catkin_ws/devel/share/common-lisp/ros/interbotix_sdk/srv/_package.lisp)
Linked: (/home/mohit/Dum-E/catkin_ws/devel/.private/interbotix_sdk/share/common-lisp/ros/interbotix_sdk/srv/_package_RobotInfo.lisp, /home/mohit/Dum-E/catkin_ws/devel/share/common-lisp/ros/interbotix_sdk/srv/_package_RobotInfo.lisp)
Linked: (/home/mohit/Dum-E/catkin_ws/devel/.private/interbotix_sdk/share/common-lisp/ros/interbotix_sdk/srv/OperatingModes.lisp, /home/mohit/Dum-E/catkin_ws/devel/share/common-lisp/ros/interbotix_sdk/srv/OperatingModes.lisp)
Linked: (/home/mohit/Dum-E/catkin_ws/devel/.private/interbotix_sdk/share/common-lisp/ros/interbotix_sdk/srv/RegisterValues.lisp, /home/mohit/Dum-E/catkin_ws/devel/share/common-lisp/ros/interbotix_sdk/srv/RegisterValues.lisp)
Linked: (/home/mohit/Dum-E/catkin_ws/devel/.private/interbotix_sdk/share/common-lisp/ros/interbotix_sdk/srv/interbotix_sdk-srv.asd, /home/mohit/Dum-E/catkin_ws/devel/share/common-lisp/ros/interbotix_sdk/srv/interbotix_sdk-srv.asd)
Linked: (/home/mohit/Dum-E/catkin_ws/devel/.private/interbotix_sdk/share/common-lisp/ros/interbotix_sdk/srv/_package_FirmwareGains.lisp, /home/mohit/Dum-E/catkin_ws/devel/share/common-lisp/ros/interbotix_sdk/srv/_package_FirmwareGains.lisp)
Linked: (/home/mohit/Dum-E/catkin_ws/devel/.private/interbotix_sdk/share/common-lisp/ros/interbotix_sdk/msg/_package_SingleCommand.lisp, /home/mohit/Dum-E/catkin_ws/devel/share/common-lisp/ros/interbotix_sdk/msg/_package_SingleCommand.lisp)
Linked: (/home/mohit/Dum-E/catkin_ws/devel/.private/interbotix_sdk/share/common-lisp/ros/interbotix_sdk/msg/_package_JointCommands.lisp, /home/mohit/Dum-E/catkin_ws/devel/share/common-lisp/ros/interbotix_sdk/msg/_package_JointCommands.lisp)
Linked: (/home/mohit/Dum-E/catkin_ws/devel/.private/interbotix_sdk/share/common-lisp/ros/interbotix_sdk/msg/JointCommands.lisp, /home/mohit/Dum-E/catkin_ws/devel/share/common-lisp/ros/interbotix_sdk/msg/JointCommands.lisp)
Linked: (/home/mohit/Dum-E/catkin_ws/devel/.private/interbotix_sdk/share/common-lisp/ros/interbotix_sdk/msg/_package.lisp, /home/mohit/Dum-E/catkin_ws/devel/share/common-lisp/ros/interbotix_sdk/msg/_package.lisp)
Linked: (/home/mohit/Dum-E/catkin_ws/devel/.private/interbotix_sdk/share/common-lisp/ros/interbotix_sdk/msg/interbotix_sdk-msg.asd, /home/mohit/Dum-E/catkin_ws/devel/share/common-lisp/ros/interbotix_sdk/msg/interbotix_sdk-msg.asd)
Linked: (/home/mohit/Dum-E/catkin_ws/devel/.private/interbotix_sdk/share/common-lisp/ros/interbotix_sdk/msg/SingleCommand.lisp, /home/mohit/Dum-E/catkin_ws/devel/share/common-lisp/ros/interbotix_sdk/msg/SingleCommand.lisp)
Linked: (/home/mohit/Dum-E/catkin_ws/devel/.private/interbotix_sdk/include/interbotix_sdk/JointCommands.h, /home/mohit/Dum-E/catkin_ws/devel/include/interbotix_sdk/JointCommands.h)
Linked: (/home/mohit/Dum-E/catkin_ws/devel/.private/interbotix_sdk/include/interbotix_sdk/RobotInfoRequest.h, /home/mohit/Dum-E/catkin_ws/devel/include/interbotix_sdk/RobotInfoRequest.h)
Linked: (/home/mohit/Dum-E/catkin_ws/devel/.private/interbotix_sdk/include/interbotix_sdk/RegisterValuesRequest.h, /home/mohit/Dum-E/catkin_ws/devel/include/interbotix_sdk/RegisterValuesRequest.h)
Linked: (/home/mohit/Dum-E/catkin_ws/devel/.private/interbotix_sdk/include/interbotix_sdk/RegisterValuesResponse.h, /home/mohit/Dum-E/catkin_ws/devel/include/interbotix_sdk/RegisterValuesResponse.h)
Linked: (/home/mohit/Dum-E/catkin_ws/devel/.private/interbotix_sdk/include/interbotix_sdk/OperatingModesResponse.h, /home/mohit/Dum-E/catkin_ws/devel/include/interbotix_sdk/OperatingModesResponse.h)
Linked: (/home/mohit/Dum-E/catkin_ws/devel/.private/interbotix_sdk/include/interbotix_sdk/RegisterValues.h, /home/mohit/Dum-E/catkin_ws/devel/include/interbotix_sdk/RegisterValues.h)
Linked: (/home/mohit/Dum-E/catkin_ws/devel/.private/interbotix_sdk/include/interbotix_sdk/RobotInfoResponse.h, /home/mohit/Dum-E/catkin_ws/devel/include/interbotix_sdk/RobotInfoResponse.h)
Linked: (/home/mohit/Dum-E/catkin_ws/devel/.private/interbotix_sdk/include/interbotix_sdk/FirmwareGainsRequest.h, /home/mohit/Dum-E/catkin_ws/devel/include/interbotix_sdk/FirmwareGainsRequest.h)
Linked: (/home/mohit/Dum-E/catkin_ws/devel/.private/interbotix_sdk/include/interbotix_sdk/FirmwareGains.h, /home/mohit/Dum-E/catkin_ws/devel/include/interbotix_sdk/FirmwareGains.h)
Linked: (/home/mohit/Dum-E/catkin_ws/devel/.private/interbotix_sdk/include/interbotix_sdk/SingleCommand.h, /home/mohit/Dum-E/catkin_ws/devel/include/interbotix_sdk/SingleCommand.h)
Linked: (/home/mohit/Dum-E/catkin_ws/devel/.private/interbotix_sdk/include/interbotix_sdk/RobotInfo.h, /home/mohit/Dum-E/catkin_ws/devel/include/interbotix_sdk/RobotInfo.h)
Linked: (/home/mohit/Dum-E/catkin_ws/devel/.private/interbotix_sdk/include/interbotix_sdk/OperatingModes.h, /home/mohit/Dum-E/catkin_ws/devel/include/interbotix_sdk/OperatingModes.h)
Linked: (/home/mohit/Dum-E/catkin_ws/devel/.private/interbotix_sdk/include/interbotix_sdk/OperatingModesRequest.h, /home/mohit/Dum-E/catkin_ws/devel/include/interbotix_sdk/OperatingModesRequest.h)
Linked: (/home/mohit/Dum-E/catkin_ws/devel/.private/interbotix_sdk/include/interbotix_sdk/FirmwareGainsResponse.h, /home/mohit/Dum-E/catkin_ws/devel/include/interbotix_sdk/FirmwareGainsResponse.h)
Linked: (/home/mohit/Dum-E/catkin_ws/devel/.private/interbotix_sdk/lib/pkgconfig/interbotix_sdk.pc, /home/mohit/Dum-E/catkin_ws/devel/lib/pkgconfig/interbotix_sdk.pc)
Linked: (/home/mohit/Dum-E/catkin_ws/devel/.private/interbotix_sdk/lib/python2.7/dist-packages/interbotix_sdk/__init__.py, /home/mohit/Dum-E/catkin_ws/devel/lib/python2.7/dist-packages/interbotix_sdk/__init__.py)
Linked: (/home/mohit/Dum-E/catkin_ws/devel/.private/interbotix_sdk/lib/python2.7/dist-packages/interbotix_sdk/srv/_RobotInfo.py, /home/mohit/Dum-E/catkin_ws/devel/lib/python2.7/dist-packages/interbotix_sdk/srv/_RobotInfo.py)
Linked: (/home/mohit/Dum-E/catkin_ws/devel/.private/interbotix_sdk/lib/python2.7/dist-packages/interbotix_sdk/srv/_OperatingModes.py, /home/mohit/Dum-E/catkin_ws/devel/lib/python2.7/dist-packages/interbotix_sdk/srv/_OperatingModes.py)
Linked: (/home/mohit/Dum-E/catkin_ws/devel/.private/interbotix_sdk/lib/python2.7/dist-packages/interbotix_sdk/srv/__init__.py, /home/mohit/Dum-E/catkin_ws/devel/lib/python2.7/dist-packages/interbotix_sdk/srv/__init__.py)
Linked: (/home/mohit/Dum-E/catkin_ws/devel/.private/interbotix_sdk/lib/python2.7/dist-packages/interbotix_sdk/srv/_FirmwareGains.py, /home/mohit/Dum-E/catkin_ws/devel/lib/python2.7/dist-packages/interbotix_sdk/srv/_FirmwareGains.py)
Linked: (/home/mohit/Dum-E/catkin_ws/devel/.private/interbotix_sdk/lib/python2.7/dist-packages/interbotix_sdk/srv/_RegisterValues.py, /home/mohit/Dum-E/catkin_ws/devel/lib/python2.7/dist-packages/interbotix_sdk/srv/_RegisterValues.py)
Linked: (/home/mohit/Dum-E/catkin_ws/devel/.private/interbotix_sdk/lib/python2.7/dist-packages/interbotix_sdk/msg/_SingleCommand.py, /home/mohit/Dum-E/catkin_ws/devel/lib/python2.7/dist-packages/interbotix_sdk/msg/_SingleCommand.py)
Linked: (/home/mohit/Dum-E/catkin_ws/devel/.private/interbotix_sdk/lib/python2.7/dist-packages/interbotix_sdk/msg/__init__.py, /home/mohit/Dum-E/catkin_ws/devel/lib/python2.7/dist-packages/interbotix_sdk/msg/__init__.py)
Linked: (/home/mohit/Dum-E/catkin_ws/devel/.private/interbotix_sdk/lib/python2.7/dist-packages/interbotix_sdk/msg/_JointCommands.py, /home/mohit/Dum-E/catkin_ws/devel/lib/python2.7/dist-packages/interbotix_sdk/msg/_JointCommands.py)
Linked: (/home/mohit/Dum-E/catkin_ws/devel/.private/interbotix_sdk/lib/interbotix_sdk/arm_node, /home/mohit/Dum-E/catkin_ws/devel/lib/interbotix_sdk/arm_node)
