Symlinking /home/mohit/Dum-E/catkin_ws/devel/share/gennodejs/ros/interbotix_sdk/_index.js
Symlinking /home/mohit/Dum-E/catkin_ws/devel/share/gennodejs/ros/interbotix_sdk/srv/FirmwareGains.js
Symlinking /home/mohit/Dum-E/catkin_ws/devel/share/gennodejs/ros/interbotix_sdk/srv/_index.js
Symlinking /home/mohit/Dum-E/catkin_ws/devel/share/gennodejs/ros/interbotix_sdk/srv/RobotInfo.js
Symlinking /home/mohit/Dum-E/catkin_ws/devel/share/gennodejs/ros/interbotix_sdk/srv/OperatingModes.js
Symlinking /home/mohit/Dum-E/catkin_ws/devel/share/gennodejs/ros/interbotix_sdk/srv/RegisterValues.js
Symlinking /home/mohit/Dum-E/catkin_ws/devel/share/gennodejs/ros/interbotix_sdk/msg/_index.js
Symlinking /home/mohit/Dum-E/catkin_ws/devel/share/gennodejs/ros/interbotix_sdk/msg/JointCommands.js
Symlinking /home/mohit/Dum-E/catkin_ws/devel/share/gennodejs/ros/interbotix_sdk/msg/SingleCommand.js
Symlinking /home/mohit/Dum-E/catkin_ws/devel/share/roseus/ros/interbotix_sdk/manifest.l
Symlinking /home/mohit/Dum-E/catkin_ws/devel/share/roseus/ros/interbotix_sdk/srv/OperatingModes.l
Symlinking /home/mohit/Dum-E/catkin_ws/devel/share/roseus/ros/interbotix_sdk/srv/RobotInfo.l
Symlinking /home/mohit/Dum-E/catkin_ws/devel/share/roseus/ros/interbotix_sdk/srv/RegisterValues.l
Symlinking /home/mohit/Dum-E/catkin_ws/devel/share/roseus/ros/interbotix_sdk/srv/FirmwareGains.l
Symlinking /home/mohit/Dum-E/catkin_ws/devel/share/roseus/ros/interbotix_sdk/msg/SingleCommand.l
Symlinking /home/mohit/Dum-E/catkin_ws/devel/share/roseus/ros/interbotix_sdk/msg/JointCommands.l
Symlinking /home/mohit/Dum-E/catkin_ws/devel/share/interbotix_sdk/cmake/interbotix_sdk-msg-extras.cmake
Symlinking /home/mohit/Dum-E/catkin_ws/devel/share/interbotix_sdk/cmake/interbotix_sdkConfig.cmake
Symlinking /home/mohit/Dum-E/catkin_ws/devel/share/interbotix_sdk/cmake/interbotix_sdk-msg-paths.cmake
Symlinking /home/mohit/Dum-E/catkin_ws/devel/share/interbotix_sdk/cmake/interbotix_sdkConfig-version.cmake
Symlinking /home/mohit/Dum-E/catkin_ws/devel/share/common-lisp/ros/interbotix_sdk/srv/RobotInfo.lisp
Symlinking /home/mohit/Dum-E/catkin_ws/devel/share/common-lisp/ros/interbotix_sdk/srv/_package_RegisterValues.lisp
Symlinking /home/mohit/Dum-E/catkin_ws/devel/share/common-lisp/ros/interbotix_sdk/srv/FirmwareGains.lisp
Symlinking /home/mohit/Dum-E/catkin_ws/devel/share/common-lisp/ros/interbotix_sdk/srv/_package_OperatingModes.lisp
Symlinking /home/mohit/Dum-E/catkin_ws/devel/share/common-lisp/ros/interbotix_sdk/srv/_package.lisp
Symlinking /home/mohit/Dum-E/catkin_ws/devel/share/common-lisp/ros/interbotix_sdk/srv/_package_RobotInfo.lisp
Symlinking /home/mohit/Dum-E/catkin_ws/devel/share/common-lisp/ros/interbotix_sdk/srv/OperatingModes.lisp
Symlinking /home/mohit/Dum-E/catkin_ws/devel/share/common-lisp/ros/interbotix_sdk/srv/RegisterValues.lisp
Symlinking /home/mohit/Dum-E/catkin_ws/devel/share/common-lisp/ros/interbotix_sdk/srv/interbotix_sdk-srv.asd
Symlinking /home/mohit/Dum-E/catkin_ws/devel/share/common-lisp/ros/interbotix_sdk/srv/_package_FirmwareGains.lisp
Symlinking /home/mohit/Dum-E/catkin_ws/devel/share/common-lisp/ros/interbotix_sdk/msg/_package_SingleCommand.lisp
Symlinking /home/mohit/Dum-E/catkin_ws/devel/share/common-lisp/ros/interbotix_sdk/msg/_package_JointCommands.lisp
Symlinking /home/mohit/Dum-E/catkin_ws/devel/share/common-lisp/ros/interbotix_sdk/msg/JointCommands.lisp
Symlinking /home/mohit/Dum-E/catkin_ws/devel/share/common-lisp/ros/interbotix_sdk/msg/_package.lisp
Symlinking /home/mohit/Dum-E/catkin_ws/devel/share/common-lisp/ros/interbotix_sdk/msg/interbotix_sdk-msg.asd
Symlinking /home/mohit/Dum-E/catkin_ws/devel/share/common-lisp/ros/interbotix_sdk/msg/SingleCommand.lisp
Symlinking /home/mohit/Dum-E/catkin_ws/devel/include/interbotix_sdk/JointCommands.h
Symlinking /home/mohit/Dum-E/catkin_ws/devel/include/interbotix_sdk/RobotInfoRequest.h
Symlinking /home/mohit/Dum-E/catkin_ws/devel/include/interbotix_sdk/RegisterValuesRequest.h
Symlinking /home/mohit/Dum-E/catkin_ws/devel/include/interbotix_sdk/RegisterValuesResponse.h
Symlinking /home/mohit/Dum-E/catkin_ws/devel/include/interbotix_sdk/OperatingModesResponse.h
Symlinking /home/mohit/Dum-E/catkin_ws/devel/include/interbotix_sdk/RegisterValues.h
Symlinking /home/mohit/Dum-E/catkin_ws/devel/include/interbotix_sdk/RobotInfoResponse.h
Symlinking /home/mohit/Dum-E/catkin_ws/devel/include/interbotix_sdk/FirmwareGainsRequest.h
Symlinking /home/mohit/Dum-E/catkin_ws/devel/include/interbotix_sdk/FirmwareGains.h
Symlinking /home/mohit/Dum-E/catkin_ws/devel/include/interbotix_sdk/SingleCommand.h
Symlinking /home/mohit/Dum-E/catkin_ws/devel/include/interbotix_sdk/RobotInfo.h
Symlinking /home/mohit/Dum-E/catkin_ws/devel/include/interbotix_sdk/OperatingModes.h
Symlinking /home/mohit/Dum-E/catkin_ws/devel/include/interbotix_sdk/OperatingModesRequest.h
Symlinking /home/mohit/Dum-E/catkin_ws/devel/include/interbotix_sdk/FirmwareGainsResponse.h
Symlinking /home/mohit/Dum-E/catkin_ws/devel/lib/pkgconfig/interbotix_sdk.pc
Symlinking /home/mohit/Dum-E/catkin_ws/devel/lib/python2.7/dist-packages/interbotix_sdk/__init__.py
Symlinking /home/mohit/Dum-E/catkin_ws/devel/lib/python2.7/dist-packages/interbotix_sdk/srv/_RobotInfo.py
Symlinking /home/mohit/Dum-E/catkin_ws/devel/lib/python2.7/dist-packages/interbotix_sdk/srv/_OperatingModes.py
Symlinking /home/mohit/Dum-E/catkin_ws/devel/lib/python2.7/dist-packages/interbotix_sdk/srv/__init__.py
Symlinking /home/mohit/Dum-E/catkin_ws/devel/lib/python2.7/dist-packages/interbotix_sdk/srv/_FirmwareGains.py
Symlinking /home/mohit/Dum-E/catkin_ws/devel/lib/python2.7/dist-packages/interbotix_sdk/srv/_RegisterValues.py
Symlinking /home/mohit/Dum-E/catkin_ws/devel/lib/python2.7/dist-packages/interbotix_sdk/msg/_SingleCommand.py
Symlinking /home/mohit/Dum-E/catkin_ws/devel/lib/python2.7/dist-packages/interbotix_sdk/msg/__init__.py
Symlinking /home/mohit/Dum-E/catkin_ws/devel/lib/python2.7/dist-packages/interbotix_sdk/msg/_JointCommands.py
Symlinking /home/mohit/Dum-E/catkin_ws/devel/lib/interbotix_sdk/arm_node
