[35m[1mScanning dependencies of target _interbotix_sdk_generate_messages_check_deps_FirmwareGains[0m
[35m[1mScanning dependencies of target _interbotix_sdk_generate_messages_check_deps_JointCommands[0m
[35m[1mScanning dependencies of target _interbotix_sdk_generate_messages_check_deps_OperatingModes[0m
[35m[1mScanning dependencies of target std_msgs_generate_messages_py[0m
[35m[1mScanning dependencies of target nav_msgs_generate_messages_py[0m
[35m[1mScanning dependencies of target _interbotix_sdk_generate_messages_check_deps_SingleCommand[0m
[35m[1mScanning dependencies of target _interbotix_sdk_generate_messages_check_deps_RobotInfo[0m
[  0%] Built target std_msgs_generate_messages_py
[  0%] Built target nav_msgs_generate_messages_py
[35m[1mScanning dependencies of target _interbotix_sdk_generate_messages_check_deps_RegisterValues[0m
[35m[1mScanning dependencies of target std_msgs_generate_messages_lisp[0m
[  0%] Built target std_msgs_generate_messages_lisp
[  0%] Built target _interbotix_sdk_generate_messages_check_deps_OperatingModes
[  0%] Built target _interbotix_sdk_generate_messages_check_deps_JointCommands
[  0%] Built target _interbotix_sdk_generate_messages_check_deps_FirmwareGains
[  0%] Built target _interbotix_sdk_generate_messages_check_deps_SingleCommand
[35m[1mScanning dependencies of target std_msgs_generate_messages_eus[0m
[35m[1mScanning dependencies of target std_srvs_generate_messages_nodejs[0m
[35m[1mScanning dependencies of target std_srvs_generate_messages_py[0m
[35m[1mScanning dependencies of target roscpp_generate_messages_py[0m
[  0%] Built target _interbotix_sdk_generate_messages_check_deps_RobotInfo
[  0%] Built target std_msgs_generate_messages_eus
[35m[1mScanning dependencies of target control_msgs_generate_messages_cpp[0m
[  0%] Built target _interbotix_sdk_generate_messages_check_deps_RegisterValues
[  0%] Built target std_srvs_generate_messages_nodejs
[  0%] Built target std_srvs_generate_messages_py
[  0%] Built target roscpp_generate_messages_py
[35m[1mScanning dependencies of target trajectory_msgs_generate_messages_eus[0m
[35m[1mScanning dependencies of target visualization_msgs_generate_messages_eus[0m
[35m[1mScanning dependencies of target geometry_msgs_generate_messages_eus[0m
[  0%] Built target control_msgs_generate_messages_cpp
[35m[1mScanning dependencies of target _catkin_empty_exported_target[0m
[35m[1mScanning dependencies of target rosgraph_msgs_generate_messages_cpp[0m
[35m[1mScanning dependencies of target std_srvs_generate_messages_lisp[0m
[  0%] Built target trajectory_msgs_generate_messages_eus
[  0%] Built target visualization_msgs_generate_messages_eus
[35m[1mScanning dependencies of target sensor_msgs_generate_messages_eus[0m
[  0%] Built target geometry_msgs_generate_messages_eus
[  0%] Built target rosgraph_msgs_generate_messages_cpp
[  0%] Built target _catkin_empty_exported_target
[  0%] Built target std_srvs_generate_messages_lisp
[35m[1mScanning dependencies of target std_msgs_generate_messages_cpp[0m
[35m[1mScanning dependencies of target std_msgs_generate_messages_nodejs[0m
[  0%] Built target sensor_msgs_generate_messages_eus
[35m[1mScanning dependencies of target roscpp_generate_messages_nodejs[0m
[35m[1mScanning dependencies of target rosgraph_msgs_generate_messages_lisp[0m
[35m[1mScanning dependencies of target actionlib_generate_messages_cpp[0m
[35m[1mScanning dependencies of target control_msgs_generate_messages_nodejs[0m
[  0%] Built target std_msgs_generate_messages_cpp
[35m[1mScanning dependencies of target roscpp_generate_messages_cpp[0m
[  0%] Built target std_msgs_generate_messages_nodejs
[  0%] Built target roscpp_generate_messages_nodejs
[  0%] Built target rosgraph_msgs_generate_messages_lisp
[  0%] Built target actionlib_generate_messages_cpp
[  0%] Built target control_msgs_generate_messages_nodejs
[35m[1mScanning dependencies of target sensor_msgs_generate_messages_nodejs[0m
[  0%] Built target roscpp_generate_messages_cpp
[35m[1mScanning dependencies of target control_msgs_generate_messages_eus[0m
[35m[1mScanning dependencies of target std_srvs_generate_messages_eus[0m
[35m[1mScanning dependencies of target roscpp_generate_messages_lisp[0m
[35m[1mScanning dependencies of target geometry_msgs_generate_messages_nodejs[0m
[35m[1mScanning dependencies of target visualization_msgs_generate_messages_nodejs[0m
[  0%] Built target sensor_msgs_generate_messages_nodejs
[  0%] Built target control_msgs_generate_messages_eus
[35m[1mScanning dependencies of target map_msgs_generate_messages_lisp[0m
[  0%] Built target geometry_msgs_generate_messages_nodejs
[  0%] Built target std_srvs_generate_messages_eus
[  0%] Built target roscpp_generate_messages_lisp
[  0%] Built target visualization_msgs_generate_messages_nodejs
[35m[1mScanning dependencies of target actionlib_generate_messages_eus[0m
[35m[1mScanning dependencies of target nav_msgs_generate_messages_nodejs[0m
[35m[1mScanning dependencies of target control_msgs_generate_messages_py[0m
[  0%] Built target map_msgs_generate_messages_lisp
[35m[1mScanning dependencies of target rosgraph_msgs_generate_messages_nodejs[0m
[35m[1mScanning dependencies of target map_msgs_generate_messages_py[0m
[  0%] Built target actionlib_generate_messages_eus
[35m[1mScanning dependencies of target visualization_msgs_generate_messages_lisp[0m
[  0%] Built target nav_msgs_generate_messages_nodejs
[  0%] Built target control_msgs_generate_messages_py
[35m[1mScanning dependencies of target trajectory_msgs_generate_messages_py[0m
[  0%] Built target rosgraph_msgs_generate_messages_nodejs
[35m[1mScanning dependencies of target control_msgs_generate_messages_lisp[0m
[  0%] Built target visualization_msgs_generate_messages_lisp
[  0%] Built target map_msgs_generate_messages_py
[35m[1mScanning dependencies of target tf_generate_messages_cpp[0m
[35m[1mScanning dependencies of target actionlib_generate_messages_nodejs[0m
[35m[1mScanning dependencies of target rosgraph_msgs_generate_messages_eus[0m
[  0%] Built target trajectory_msgs_generate_messages_py
[  0%] Built target control_msgs_generate_messages_lisp
[35m[1mScanning dependencies of target std_srvs_generate_messages_cpp[0m
[  0%] Built target tf_generate_messages_cpp
[35m[1mScanning dependencies of target roscpp_generate_messages_eus[0m
[  0%] Built target actionlib_generate_messages_nodejs
[  0%] Built target rosgraph_msgs_generate_messages_eus
[35m[1mScanning dependencies of target rosgraph_msgs_generate_messages_py[0m
[35m[1mScanning dependencies of target actionlib_msgs_generate_messages_eus[0m
[  0%] Built target std_srvs_generate_messages_cpp
[35m[1mScanning dependencies of target actionlib_msgs_generate_messages_lisp[0m
[35m[1mScanning dependencies of target interbotix_sdk_generate_messages_nodejs[0m
[  0%] Built target roscpp_generate_messages_eus
[35m[1mScanning dependencies of target actionlib_msgs_generate_messages_py[0m
[  0%] Built target rosgraph_msgs_generate_messages_py
[  0%] Built target actionlib_msgs_generate_messages_eus
[35m[1mScanning dependencies of target actionlib_generate_messages_lisp[0m
[  0%] Built target actionlib_msgs_generate_messages_lisp
[  2%] [34m[1mGenerating Javascript code from interbotix_sdk/SingleCommand.msg[0m
[  5%] [34m[1mGenerating Javascript code from interbotix_sdk/JointCommands.msg[0m
[35m[1mScanning dependencies of target geometry_msgs_generate_messages_cpp[0m
[  5%] Built target actionlib_msgs_generate_messages_py
[35m[1mScanning dependencies of target geometry_msgs_generate_messages_lisp[0m
[  5%] Built target actionlib_generate_messages_lisp
[  8%] [34m[1mGenerating Javascript code from interbotix_sdk/RobotInfo.srv[0m
[  8%] Built target geometry_msgs_generate_messages_cpp
[35m[1mScanning dependencies of target trajectory_msgs_generate_messages_cpp[0m
[35m[1mScanning dependencies of target geometry_msgs_generate_messages_py[0m
[  8%] Built target geometry_msgs_generate_messages_lisp
[  8%] Built target geometry_msgs_generate_messages_py
[35m[1mScanning dependencies of target trajectory_msgs_generate_messages_lisp[0m
[  8%] Built target trajectory_msgs_generate_messages_cpp
[35m[1mScanning dependencies of target trajectory_msgs_generate_messages_nodejs[0m
[ 10%] [34m[1mGenerating Javascript code from interbotix_sdk/FirmwareGains.srv[0m
[ 10%] Built target trajectory_msgs_generate_messages_lisp
[ 13%] [34m[1mGenerating Javascript code from interbotix_sdk/OperatingModes.srv[0m
[ 13%] Built target trajectory_msgs_generate_messages_nodejs
[ 16%] [34m[1mGenerating Javascript code from interbotix_sdk/RegisterValues.srv[0m
[35m[1mScanning dependencies of target sensor_msgs_generate_messages_cpp[0m
[35m[1mScanning dependencies of target sensor_msgs_generate_messages_py[0m
[35m[1mScanning dependencies of target tf_generate_messages_py[0m
[35m[1mScanning dependencies of target tf2_msgs_generate_messages_cpp[0m
[ 16%] Built target sensor_msgs_generate_messages_cpp
[ 16%] Built target sensor_msgs_generate_messages_py
[ 16%] Built target tf_generate_messages_py
[ 16%] Built target tf2_msgs_generate_messages_cpp
[35m[1mScanning dependencies of target actionlib_generate_messages_py[0m
[35m[1mScanning dependencies of target map_msgs_generate_messages_cpp[0m
[35m[1mScanning dependencies of target tf2_msgs_generate_messages_nodejs[0m
[35m[1mScanning dependencies of target tf2_msgs_generate_messages_py[0m
[35m[1mScanning dependencies of target actionlib_msgs_generate_messages_cpp[0m
[35m[1mScanning dependencies of target tf_generate_messages_eus[0m
[ 16%] Built target actionlib_generate_messages_py
[ 16%] Built target map_msgs_generate_messages_cpp
[ 16%] Built target interbotix_sdk_generate_messages_nodejs
[ 16%] Built target tf2_msgs_generate_messages_nodejs
[ 16%] Built target actionlib_msgs_generate_messages_cpp
[ 16%] Built target tf2_msgs_generate_messages_py
[ 16%] Built target tf_generate_messages_eus
[35m[1mScanning dependencies of target actionlib_msgs_generate_messages_nodejs[0m
[35m[1mScanning dependencies of target map_msgs_generate_messages_nodejs[0m
[35m[1mScanning dependencies of target tf_generate_messages_lisp[0m
[35m[1mScanning dependencies of target tf_generate_messages_nodejs[0m
[35m[1mScanning dependencies of target visualization_msgs_generate_messages_py[0m
[35m[1mScanning dependencies of target map_msgs_generate_messages_eus[0m
[35m[1mScanning dependencies of target sensor_msgs_generate_messages_lisp[0m
[ 16%] Built target actionlib_msgs_generate_messages_nodejs
[ 16%] Built target map_msgs_generate_messages_nodejs
[ 16%] Built target tf_generate_messages_lisp
[ 16%] Built target tf_generate_messages_nodejs
[ 16%] Built target visualization_msgs_generate_messages_py
[ 16%] Built target map_msgs_generate_messages_eus
[35m[1mScanning dependencies of target tf2_msgs_generate_messages_eus[0m
[ 16%] Built target sensor_msgs_generate_messages_lisp
[35m[1mScanning dependencies of target nav_msgs_generate_messages_cpp[0m
[35m[1mScanning dependencies of target nav_msgs_generate_messages_eus[0m
[35m[1mScanning dependencies of target visualization_msgs_generate_messages_cpp[0m
[35m[1mScanning dependencies of target nav_msgs_generate_messages_lisp[0m
[35m[1mScanning dependencies of target tf2_msgs_generate_messages_lisp[0m
[ 16%] Built target tf2_msgs_generate_messages_eus
[35m[1mScanning dependencies of target interbotix_sdk_xacro_generated_to_devel_space_[0m
[ 16%] Built target nav_msgs_generate_messages_cpp
[ 16%] Built target nav_msgs_generate_messages_eus
[ 16%] Built target visualization_msgs_generate_messages_cpp
[ 16%] Built target nav_msgs_generate_messages_lisp
[ 16%] Built target tf2_msgs_generate_messages_lisp
[ 16%] Built target interbotix_sdk_xacro_generated_to_devel_space_
[35m[1mScanning dependencies of target interbotix_sdk_generate_messages_lisp[0m
[35m[1mScanning dependencies of target interbotix_sdk_generate_messages_py[0m
[35m[1mScanning dependencies of target interbotix_sdk_generate_messages_cpp[0m
[35m[1mScanning dependencies of target interbotix_sdk_generate_messages_eus[0m
[ 21%] [34m[1mGenerating Lisp code from interbotix_sdk/JointCommands.msg[0m
[ 21%] [34m[1mGenerating Python from MSG interbotix_sdk/JointCommands[0m
[ 29%] [34m[1mGenerating Python from MSG interbotix_sdk/SingleCommand[0m
[ 29%] [34m[1mGenerating Lisp code from interbotix_sdk/SingleCommand.msg[0m
[ 29%] [34m[1mGenerating Lisp code from interbotix_sdk/RobotInfo.srv[0m
[ 32%] [34m[1mGenerating C++ code from interbotix_sdk/JointCommands.msg[0m
[ 35%] [34m[1mGenerating EusLisp code from interbotix_sdk/JointCommands.msg[0m
[ 40%] [34m[1mGenerating EusLisp code from interbotix_sdk/SingleCommand.msg[0m
[ 40%] [34m[1mGenerating EusLisp code from interbotix_sdk/RobotInfo.srv[0m
[ 43%] [34m[1mGenerating Lisp code from interbotix_sdk/FirmwareGains.srv[0m
[ 45%] [34m[1mGenerating Lisp code from interbotix_sdk/OperatingModes.srv[0m
[ 48%] [34m[1mGenerating Lisp code from interbotix_sdk/RegisterValues.srv[0m
[ 51%] [34m[1mGenerating Python code from SRV interbotix_sdk/RobotInfo[0m
[ 54%] [34m[1mGenerating C++ code from interbotix_sdk/SingleCommand.msg[0m
[ 56%] [34m[1mGenerating EusLisp code from interbotix_sdk/FirmwareGains.srv[0m
[ 59%] [34m[1mGenerating EusLisp code from interbotix_sdk/OperatingModes.srv[0m
[ 59%] Built target interbotix_sdk_generate_messages_lisp
[ 62%] [34m[1mGenerating Python code from SRV interbotix_sdk/FirmwareGains[0m
[ 64%] [34m[1mGenerating EusLisp code from interbotix_sdk/RegisterValues.srv[0m
[ 67%] [34m[1mGenerating C++ code from interbotix_sdk/RobotInfo.srv[0m
[ 72%] [34m[1mGenerating C++ code from interbotix_sdk/FirmwareGains.srv[0m
[ 72%] [34m[1mGenerating EusLisp manifest code for interbotix_sdk[0m
[ 75%] [34m[1mGenerating Python code from SRV interbotix_sdk/OperatingModes[0m
[ 78%] [34m[1mGenerating C++ code from interbotix_sdk/OperatingModes.srv[0m
[ 81%] [34m[1mGenerating Python code from SRV interbotix_sdk/RegisterValues[0m
[ 83%] [34m[1mGenerating C++ code from interbotix_sdk/RegisterValues.srv[0m
[ 86%] [34m[1mGenerating Python srv __init__.py for interbotix_sdk[0m
[ 89%] [34m[1mGenerating Python msg __init__.py for interbotix_sdk[0m
[ 89%] Built target interbotix_sdk_generate_messages_py
[ 89%] Built target interbotix_sdk_generate_messages_cpp
[ 89%] Built target interbotix_sdk_generate_messages_eus
[35m[1mScanning dependencies of target interbotix_sdk_generate_messages[0m
[35m[1mScanning dependencies of target arm_node[0m
[ 89%] Built target interbotix_sdk_generate_messages
[ 94%] [32mBuilding CXX object CMakeFiles/arm_node.dir/src/arm_obj.cpp.o[0m
[ 94%] [32mBuilding CXX object CMakeFiles/arm_node.dir/src/pid.cpp.o[0m
[ 97%] [32mBuilding CXX object CMakeFiles/arm_node.dir/src/arm_node.cpp.o[0m
[100%] [32m[1mLinking CXX executable /home/mohit/Dum-E/catkin_ws/devel/.private/interbotix_sdk/lib/interbotix_sdk/arm_node[0m
[100%] Built target arm_node
