Determining if the pthread_create exist failed with the following output:
Change Dir: /home/mohit/Dum-E/catkin_ws/build/interbotix_sdk/CMakeFiles/CMakeTmp

Run Build Command:"/usr/bin/make" "cmTC_74107/fast"
/usr/bin/make -f CMakeFiles/cmTC_74107.dir/build.make CMakeFiles/cmTC_74107.dir/build
make[1]: Entering directory '/home/mohit/Dum-E/catkin_ws/build/interbotix_sdk/CMakeFiles/CMakeTmp'
Building C object CMakeFiles/cmTC_74107.dir/CheckSymbolExists.c.o
/usr/bin/cc    -o CMakeFiles/cmTC_74107.dir/CheckSymbolExists.c.o   -c /home/mohit/Dum-E/catkin_ws/build/interbotix_sdk/CMakeFiles/CMakeTmp/CheckSymbolExists.c
Linking C executable cmTC_74107
/usr/bin/cmake -E cmake_link_script CMakeFiles/cmTC_74107.dir/link.txt --verbose=1
/usr/bin/cc      -rdynamic CMakeFiles/cmTC_74107.dir/CheckSymbolExists.c.o  -o cmTC_74107 
CMakeFiles/cmTC_74107.dir/CheckSymbolExists.c.o: In function `main':
CheckSymbolExists.c:(.text+0x1b): undefined reference to `pthread_create'
collect2: error: ld returned 1 exit status
CMakeFiles/cmTC_74107.dir/build.make:97: recipe for target 'cmTC_74107' failed
make[1]: *** [cmTC_74107] Error 1
make[1]: Leaving directory '/home/mohit/Dum-E/catkin_ws/build/interbotix_sdk/CMakeFiles/CMakeTmp'
Makefile:126: recipe for target 'cmTC_74107/fast' failed
make: *** [cmTC_74107/fast] Error 2

File /home/mohit/Dum-E/catkin_ws/build/interbotix_sdk/CMakeFiles/CMakeTmp/CheckSymbolExists.c:
/* */
#include <pthread.h>

int main(int argc, char** argv)
{
  (void)argv;
#ifndef pthread_create
  return ((int*)(&pthread_create))[argc];
#else
  (void)argc;
  return 0;
#endif
}

Determining if the function pthread_create exists in the pthreads failed with the following output:
Change Dir: /home/mohit/Dum-E/catkin_ws/build/interbotix_sdk/CMakeFiles/CMakeTmp

Run Build Command:"/usr/bin/make" "cmTC_56a0d/fast"
/usr/bin/make -f CMakeFiles/cmTC_56a0d.dir/build.make CMakeFiles/cmTC_56a0d.dir/build
make[1]: Entering directory '/home/mohit/Dum-E/catkin_ws/build/interbotix_sdk/CMakeFiles/CMakeTmp'
Building C object CMakeFiles/cmTC_56a0d.dir/CheckFunctionExists.c.o
/usr/bin/cc   -DCHECK_FUNCTION_EXISTS=pthread_create   -o CMakeFiles/cmTC_56a0d.dir/CheckFunctionExists.c.o   -c /usr/share/cmake-3.10/Modules/CheckFunctionExists.c
Linking C executable cmTC_56a0d
/usr/bin/cmake -E cmake_link_script CMakeFiles/cmTC_56a0d.dir/link.txt --verbose=1
/usr/bin/cc  -DCHECK_FUNCTION_EXISTS=pthread_create    -rdynamic CMakeFiles/cmTC_56a0d.dir/CheckFunctionExists.c.o  -o cmTC_56a0d -lpthreads 
/usr/bin/ld: cannot find -lpthreads
collect2: error: ld returned 1 exit status
CMakeFiles/cmTC_56a0d.dir/build.make:97: recipe for target 'cmTC_56a0d' failed
make[1]: *** [cmTC_56a0d] Error 1
make[1]: Leaving directory '/home/mohit/Dum-E/catkin_ws/build/interbotix_sdk/CMakeFiles/CMakeTmp'
Makefile:126: recipe for target 'cmTC_56a0d/fast' failed
make: *** [cmTC_56a0d/fast] Error 2


